app_ASystemUi/build/outputs/logs/manifest-merger-debug-report.txt
-- Merging decision tree log ---
manifest
ADDED from src\main\AndroidManifest.xml:2:1-72:12
	package
		ADDED from src\main\AndroidManifest.xml:3:5-35
		INJECTED from src\main\AndroidManifest.xml
		INJECTED from src\main\AndroidManifest.xml
	android:versionName
		INJECTED from src\main\AndroidManifest.xml
		INJECTED from src\main\AndroidManifest.xml
	xmlns:android
		ADDED from src\main\AndroidManifest.xml:2:11-69
	android:versionCode
		INJECTED from src\main\AndroidManifest.xml
		INJECTED from src\main\AndroidManifest.xml
application
ADDED from src\main\AndroidManifest.xml:5:5-70:19
MERGED from [com.android.support:cardview-v7:25.0.1] AndroidManifest.xml:22:5-20
MERGED from [com.android.support:design:25.0.1] AndroidManifest.xml:25:5-20
MERGED from [com.android.support:appcompat-v7:25.0.1] AndroidManifest.xml:25:5-20
MERGED from [com.android.support:animated-vector-drawable:25.0.1] AndroidManifest.xml:22:5-20
MERGED from [com.android.support:support-vector-drawable:25.0.1] AndroidManifest.xml:23:5-20
MERGED from [com.android.support:transition:25.0.1] AndroidManifest.xml:22:5-20
MERGED from [com.android.support:support-v4:25.0.1] AndroidManifest.xml:25:5-20
MERGED from [com.android.support:support-fragment:25.0.1] AndroidManifest.xml:25:5-20
MERGED from [com.android.support:support-media-compat:25.0.1] AndroidManifest.xml:25:5-20
MERGED from [com.android.support:support-core-ui:25.0.1] AndroidManifest.xml:25:5-20
MERGED from [com.android.support:support-core-utils:25.0.1] AndroidManifest.xml:25:5-20
MERGED from [com.android.support:support-compat:25.0.1] AndroidManifest.xml:25:5-20
	android:label
		ADDED from src\main\AndroidManifest.xml:9:9-41
	android:supportsRtl
		ADDED from src\main\AndroidManifest.xml:10:9-35
	android:allowBackup
		ADDED from src\main\AndroidManifest.xml:7:9-35
	android:icon
		ADDED from src\main\AndroidManifest.xml:8:9-43
	android:theme
		ADDED from src\main\AndroidManifest.xml:11:9-40
	android:name
		ADDED from src\main\AndroidManifest.xml:6:9-64
activity#com.sir.app.systemui.activity.MainActivity
ADDED from src\main\AndroidManifest.xml:12:9-18:20
	android:name
		ADDED from src\main\AndroidManifest.xml:12:19-76
intent-filter#android.intent.action.MAIN+android.intent.category.LAUNCHER
ADDED from src\main\AndroidManifest.xml:13:13-17:29
action#android.intent.action.MAIN
ADDED from src\main\AndroidManifest.xml:14:17-69
	android:name
		ADDED from src\main\AndroidManifest.xml:14:25-66
category#android.intent.category.LAUNCHER
ADDED from src\main\AndroidManifest.xml:16:17-77
	android:name
		ADDED from src\main\AndroidManifest.xml:16:27-74
activity#com.sir.app.systemui.activity.translucent.ImageTranslucentBarActivity
ADDED from src\main\AndroidManifest.xml:19:9-22:60
	android:label
		ADDED from src\main\AndroidManifest.xml:21:13-58
	android:theme
		ADDED from src\main\AndroidManifest.xml:22:13-57
	android:name
		ADDED from src\main\AndroidManifest.xml:20:13-97
activity#com.sir.app.systemui.activity.translucent.ColorTranslucentBarActivity
ADDED from src\main\AndroidManifest.xml:23:9-26:60
	android:label
		ADDED from src\main\AndroidManifest.xml:25:13-58
	android:theme
		ADDED from src\main\AndroidManifest.xml:26:13-57
	android:name
		ADDED from src\main\AndroidManifest.xml:24:13-97
activity#com.sir.app.systemui.activity.translucent.BestTranslucentBarActivity
ADDED from src\main\AndroidManifest.xml:27:9-29:60
	android:theme
		ADDED from src\main\AndroidManifest.xml:29:13-57
	android:name
		ADDED from src\main\AndroidManifest.xml:28:13-96
activity#com.sir.app.systemui.activity.toolbar.ToolBarActivity
ADDED from src\main\AndroidManifest.xml:30:9-32:48
	android:label
		ADDED from src\main\AndroidManifest.xml:32:13-45
	android:name
		ADDED from src\main\AndroidManifest.xml:31:13-81
activity#com.sir.app.systemui.activity.toolbar.ZhiHuActivity
ADDED from src\main\AndroidManifest.xml:33:9-36:50
	android:label
		ADDED from src\main\AndroidManifest.xml:35:13-43
	android:theme
		ADDED from src\main\AndroidManifest.xml:36:13-47
	android:name
		ADDED from src\main\AndroidManifest.xml:34:13-79
activity#com.sir.app.systemui.activity.navigation.SimpleDrawerActivity
ADDED from src\main\AndroidManifest.xml:37:9-39:53
	android:label
		ADDED from src\main\AndroidManifest.xml:39:13-50
	android:name
		ADDED from src\main\AndroidManifest.xml:38:13-89
activity#com.sir.app.systemui.activity.navigation.SimpleNavigationDrawerActivity
ADDED from src\main\AndroidManifest.xml:40:9-43:67
	android:label
		ADDED from src\main\AndroidManifest.xml:42:13-61
	android:theme
		ADDED from src\main\AndroidManifest.xml:43:13-64
	android:name
		ADDED from src\main\AndroidManifest.xml:41:13-99
activity#com.sir.app.systemui.activity.navigation.CloudMusicActivity
ADDED from src\main\AndroidManifest.xml:44:9-46:67
	android:theme
		ADDED from src\main\AndroidManifest.xml:46:13-64
	android:name
		ADDED from src\main\AndroidManifest.xml:45:13-87
activity#com.sir.app.systemui.activity.navigation.NavigationDrawerAnimationActivity
ADDED from src\main\AndroidManifest.xml:47:9-111
	android:name
		ADDED from src\main\AndroidManifest.xml:47:19-108
activity#com.sir.app.systemui.activity.translucent.TranslucentDemoActivity
ADDED from src\main\AndroidManifest.xml:48:9-102
	android:name
		ADDED from src\main\AndroidManifest.xml:48:19-99
activity#com.sir.app.systemui.activity.toolbar.ToolDemoActivity
ADDED from src\main\AndroidManifest.xml:49:9-91
	android:name
		ADDED from src\main\AndroidManifest.xml:49:19-88
activity#com.sir.app.systemui.activity.navigation.NavigationDemoActivity
ADDED from src\main\AndroidManifest.xml:50:9-100
	android:name
		ADDED from src\main\AndroidManifest.xml:50:19-97
activity#com.sir.app.systemui.activity.cardview.CardViewDemoActivity
ADDED from src\main\AndroidManifest.xml:51:9-53:40
	android:label
		ADDED from src\main\AndroidManifest.xml:53:13-37
	android:name
		ADDED from src\main\AndroidManifest.xml:52:13-87
activity#com.sir.app.systemui.activity.snackbar.SnackBarDemoActivity
ADDED from src\main\AndroidManifest.xml:54:9-56:40
	android:label
		ADDED from src\main\AndroidManifest.xml:56:13-37
	android:name
		ADDED from src\main\AndroidManifest.xml:55:13-87
activity#com.sir.app.systemui.activity.bt.BarTabDemoActivity
ADDED from src\main\AndroidManifest.xml:57:9-59:44
	android:label
		ADDED from src\main\AndroidManifest.xml:59:13-41
	android:name
		ADDED from src\main\AndroidManifest.xml:58:13-79
activity#com.sir.app.systemui.activity.collapsing.CollapsingDemoActivity
ADDED from src\main\AndroidManifest.xml:60:9-62:43
	android:label
		ADDED from src\main\AndroidManifest.xml:62:13-40
	android:name
		ADDED from src\main\AndroidManifest.xml:61:13-91
activity#com.sir.app.systemui.activity.recycler.RecyclerDemoActivity
ADDED from src\main\AndroidManifest.xml:63:9-65:44
	android:label
		ADDED from src\main\AndroidManifest.xml:65:13-41
	android:name
		ADDED from src\main\AndroidManifest.xml:64:13-87
activity#com.sir.app.systemui.activity.bs.BottomSheetsDemoActivity
ADDED from src\main\AndroidManifest.xml:66:9-94
	android:name
		ADDED from src\main\AndroidManifest.xml:66:19-91
activity#com.sir.app.systemui.activity.listview.ListViewDemoActivity
ADDED from src\main\AndroidManifest.xml:67:9-69:40
	android:label
		ADDED from src\main\AndroidManifest.xml:69:13-37
	android:name
		ADDED from src\main\AndroidManifest.xml:68:13-87
uses-sdk
INJECTED from src\main\AndroidManifest.xml reason: use-sdk injection requested
MERGED from [com.android.support:cardview-v7:25.0.1] AndroidManifest.xml:20:5-43
MERGED from [com.android.support:design:25.0.1] AndroidManifest.xml:21:5-23:62
MERGED from [com.android.support:appcompat-v7:25.0.1] AndroidManifest.xml:21:5-23:78
MERGED from [com.android.support:animated-vector-drawable:25.0.1] AndroidManifest.xml:20:5-44
MERGED from [com.android.support:support-vector-drawable:25.0.1] AndroidManifest.xml:21:5-43
MERGED from [com.android.support:recyclerview-v7:25.0.1] AndroidManifest.xml:20:5-43
MERGED from [com.android.support:transition:25.0.1] AndroidManifest.xml:20:5-44
MERGED from [com.android.support:support-v4:25.0.1] AndroidManifest.xml:21:5-23:54
MERGED from [com.android.support:support-fragment:25.0.1] AndroidManifest.xml:21:5-23:60
MERGED from [com.android.support:support-media-compat:25.0.1] AndroidManifest.xml:21:5-23:63
MERGED from [com.android.support:support-core-ui:25.0.1] AndroidManifest.xml:21:5-23:58
MERGED from [com.android.support:support-core-utils:25.0.1] AndroidManifest.xml:21:5-23:61
MERGED from [com.android.support:support-compat:25.0.1] AndroidManifest.xml:21:5-23:58
	tools:overrideLibrary
		ADDED from [com.android.support:design:25.0.1] AndroidManifest.xml:23:9-59
	android:targetSdkVersion
		INJECTED from src\main\AndroidManifest.xml
		INJECTED from src\main\AndroidManifest.xml
	android:minSdkVersion
		INJECTED from src\main\AndroidManifest.xml
		INJECTED from src\main\AndroidManifest.xml